<?xml version="1.0" encoding="UTF-8"?>
<testng-results total="2" passed="2" failed="0" skipped="0">
  <reporter-output>
    <line>
      <![CDATA[entereed the frame]]>
    </line>
  </reporter-output>
  <suite started-at="2023-02-07T10:52:01Z" name="Suite" finished-at="2023-02-07T10:52:15Z" duration-ms="14202">
    <groups>
    </groups>
    <test started-at="2023-02-07T10:52:01Z" name="Test" finished-at="2023-02-07T10:52:15Z" duration-ms="14202">
      <class name="com.hrms.testscripts.TC001">
        <test-method signature="tc001()[pri:0, instance:com.hrms.testscripts.TC001@60db1c0e]" started-at="2023-02-07T16:22:11Z" name="tc001" finished-at="2023-02-07T16:22:15Z" duration-ms="3990" status="PASS">
          <reporter-output>
          </reporter-output>
        </test-method> <!-- tc001 -->
      </class> <!-- com.hrms.testscripts.TC001 -->
      <class name="com.hrms.testscripts.TC002">
        <test-method signature="tc002()[pri:0, instance:com.hrms.testscripts.TC002@17503f6b]" started-at="2023-02-07T16:22:01Z" name="tc002" finished-at="2023-02-07T16:22:11Z" duration-ms="10197" status="PASS">
          <reporter-output>
            <line>
              <![CDATA[entereed the frame]]>
            </line>
          </reporter-output>
        </test-method> <!-- tc002 -->
      </class> <!-- com.hrms.testscripts.TC002 -->
    </test> <!-- Test -->
  </suite> <!-- Suite -->
</testng-results>
